d:\gis-2020\gis-2020\x64\debug\vc142.pdb
d:\gis-2020\gis-2020\x64\debug\vc142.idb
d:\gis-2020\gis-2020\x64\debug\stdafx.obj
d:\gis-2020\gis-2020\x64\debug\sema.obj
d:\gis-2020\gis-2020\x64\debug\polishnateishion.obj
d:\gis-2020\gis-2020\x64\debug\parm.obj
d:\gis-2020\gis-2020\x64\debug\mfst.obj
d:\gis-2020\gis-2020\x64\debug\log.obj
d:\gis-2020\gis-2020\x64\debug\lexa.obj
d:\gis-2020\gis-2020\x64\debug\lt.obj
d:\gis-2020\gis-2020\x64\debug\in.obj
d:\gis-2020\gis-2020\x64\debug\it.obj
d:\gis-2020\gis-2020\x64\debug\generation.obj
d:\gis-2020\gis-2020\x64\debug\grb.obj
d:\gis-2020\gis-2020\x64\debug\gis-2020.obj
d:\gis-2020\gis-2020\x64\debug\fst.obj
d:\gis-2020\gis-2020\x64\debug\error.obj
d:\gis-2020\x64\debug\gis-2020.exe
d:\gis-2020\x64\debug\gis-2020.ilk
d:\gis-2020\x64\debug\gis-2020.pdb
d:\gis-2020\gis-2020\x64\debug\gis-2020.tlog\cl.command.1.tlog
d:\gis-2020\gis-2020\x64\debug\gis-2020.tlog\cl.read.1.tlog
d:\gis-2020\gis-2020\x64\debug\gis-2020.tlog\cl.write.1.tlog
d:\gis-2020\gis-2020\x64\debug\gis-2020.tlog\link.command.1.tlog
d:\gis-2020\gis-2020\x64\debug\gis-2020.tlog\link.read.1.tlog
d:\gis-2020\gis-2020\x64\debug\gis-2020.tlog\link.write.1.tlog
