d:\github\course_project_lp\gis-2020\debug\vc142.pdb
d:\github\course_project_lp\gis-2020\debug\vc142.idb
d:\github\course_project_lp\gis-2020\debug\stdafx.obj
d:\github\course_project_lp\gis-2020\debug\sema.obj
d:\github\course_project_lp\gis-2020\debug\polishnateishion.obj
d:\github\course_project_lp\gis-2020\debug\parm.obj
d:\github\course_project_lp\gis-2020\debug\mfst.obj
d:\github\course_project_lp\gis-2020\debug\lt.obj
d:\github\course_project_lp\gis-2020\debug\log.obj
d:\github\course_project_lp\gis-2020\debug\gis-2020.obj
d:\github\course_project_lp\gis-2020\debug\lexa.obj
d:\github\course_project_lp\gis-2020\debug\it.obj
d:\github\course_project_lp\gis-2020\debug\in.obj
d:\github\course_project_lp\gis-2020\debug\grb.obj
d:\github\course_project_lp\gis-2020\debug\generation.obj
d:\github\course_project_lp\gis-2020\debug\fst.obj
d:\github\course_project_lp\gis-2020\debug\error.obj
d:\github\course_project_lp\debug\gis-2020.exe
d:\github\course_project_lp\debug\gis-2020.ilk
d:\github\course_project_lp\debug\gis-2020.pdb
d:\github\course_project_lp\gis-2020\debug\gis-2020.tlog\cl.command.1.tlog
d:\github\course_project_lp\gis-2020\debug\gis-2020.tlog\cl.read.1.tlog
d:\github\course_project_lp\gis-2020\debug\gis-2020.tlog\cl.write.1.tlog
d:\github\course_project_lp\gis-2020\debug\gis-2020.tlog\link.command.1.tlog
d:\github\course_project_lp\gis-2020\debug\gis-2020.tlog\link.read.1.tlog
d:\github\course_project_lp\gis-2020\debug\gis-2020.tlog\link.write.1.tlog
